Analysis & Synthesis report for Snake_2
Tue Dec 24 17:18:49 2024
Quartus II 64-Bit Version 13.1.0 Build 162 10/23/2013 SJ Web Edition


---------------------
; Table of Contents ;
---------------------
  1. Legal Notice
  2. Analysis & Synthesis Summary
  3. Analysis & Synthesis Settings
  4. Parallel Compilation
  5. Analysis & Synthesis Source Files Read
  6. Analysis & Synthesis Resource Usage Summary
  7. Analysis & Synthesis Resource Utilization by Entity
  8. State Machine - |Snake_2|state
  9. User-Specified and Inferred Latches
 10. Registers Removed During Synthesis
 11. General Register Statistics
 12. Inverted Register Statistics
 13. Multiplexer Restructuring Statistics (Restructuring Performed)
 14. Elapsed Time Per Partition
 15. Analysis & Synthesis Messages
 16. Analysis & Synthesis Suppressed Messages



----------------
; Legal Notice ;
----------------
Copyright (C) 1991-2013 Altera Corporation
Your use of Altera Corporation's design tools, logic functions 
and other software and tools, and its AMPP partner logic 
functions, and any output files from any of the foregoing 
(including device programming or simulation files), and any 
associated documentation or information are expressly subject 
to the terms and conditions of the Altera Program License 
Subscription Agreement, Altera MegaCore Function License 
Agreement, or other applicable license agreement, including, 
without limitation, that your use is for the sole purpose of 
programming logic devices manufactured by Altera and sold by 
Altera or its authorized distributors.  Please refer to the 
applicable agreement for further details.



+---------------------------------------------------------------------------------+
; Analysis & Synthesis Summary                                                    ;
+------------------------------------+--------------------------------------------+
; Analysis & Synthesis Status        ; Successful - Tue Dec 24 17:18:49 2024      ;
; Quartus II 64-Bit Version          ; 13.1.0 Build 162 10/23/2013 SJ Web Edition ;
; Revision Name                      ; Snake_2                                    ;
; Top-level Entity Name              ; Snake_2                                    ;
; Family                             ; Cyclone III                                ;
; Total logic elements               ; 364                                        ;
;     Total combinational functions  ; 340                                        ;
;     Dedicated logic registers      ; 158                                        ;
; Total registers                    ; 158                                        ;
; Total pins                         ; 43                                         ;
; Total virtual pins                 ; 0                                          ;
; Total memory bits                  ; 0                                          ;
; Embedded Multiplier 9-bit elements ; 0                                          ;
; Total PLLs                         ; 0                                          ;
+------------------------------------+--------------------------------------------+


+----------------------------------------------------------------------------------------------------------------------+
; Analysis & Synthesis Settings                                                                                        ;
+----------------------------------------------------------------------------+--------------------+--------------------+
; Option                                                                     ; Setting            ; Default Value      ;
+----------------------------------------------------------------------------+--------------------+--------------------+
; Device                                                                     ; EP3C10E144C8       ;                    ;
; Top-level entity name                                                      ; Snake_2            ; Snake_2            ;
; Family name                                                                ; Cyclone III        ; Cyclone IV GX      ;
; Verilog Show LMF Mapping Messages                                          ; Off                ;                    ;
; Use smart compilation                                                      ; Off                ; Off                ;
; Enable parallel Assembler and TimeQuest Timing Analyzer during compilation ; On                 ; On                 ;
; Enable compact report table                                                ; Off                ; Off                ;
; Restructure Multiplexers                                                   ; Auto               ; Auto               ;
; Create Debugging Nodes for IP Cores                                        ; Off                ; Off                ;
; Preserve fewer node names                                                  ; On                 ; On                 ;
; Disable OpenCore Plus hardware evaluation                                  ; Off                ; Off                ;
; Verilog Version                                                            ; Verilog_2001       ; Verilog_2001       ;
; VHDL Version                                                               ; VHDL_1993          ; VHDL_1993          ;
; State Machine Processing                                                   ; Auto               ; Auto               ;
; Safe State Machine                                                         ; Off                ; Off                ;
; Extract Verilog State Machines                                             ; On                 ; On                 ;
; Extract VHDL State Machines                                                ; On                 ; On                 ;
; Ignore Verilog initial constructs                                          ; Off                ; Off                ;
; Iteration limit for constant Verilog loops                                 ; 5000               ; 5000               ;
; Iteration limit for non-constant Verilog loops                             ; 250                ; 250                ;
; Add Pass-Through Logic to Inferred RAMs                                    ; On                 ; On                 ;
; Infer RAMs from Raw Logic                                                  ; On                 ; On                 ;
; Parallel Synthesis                                                         ; On                 ; On                 ;
; DSP Block Balancing                                                        ; Auto               ; Auto               ;
; NOT Gate Push-Back                                                         ; On                 ; On                 ;
; Power-Up Don't Care                                                        ; On                 ; On                 ;
; Remove Redundant Logic Cells                                               ; Off                ; Off                ;
; Remove Duplicate Registers                                                 ; On                 ; On                 ;
; Ignore CARRY Buffers                                                       ; Off                ; Off                ;
; Ignore CASCADE Buffers                                                     ; Off                ; Off                ;
; Ignore GLOBAL Buffers                                                      ; Off                ; Off                ;
; Ignore ROW GLOBAL Buffers                                                  ; Off                ; Off                ;
; Ignore LCELL Buffers                                                       ; Off                ; Off                ;
; Ignore SOFT Buffers                                                        ; On                 ; On                 ;
; Limit AHDL Integers to 32 Bits                                             ; Off                ; Off                ;
; Optimization Technique                                                     ; Balanced           ; Balanced           ;
; Carry Chain Length                                                         ; 70                 ; 70                 ;
; Auto Carry Chains                                                          ; On                 ; On                 ;
; Auto Open-Drain Pins                                                       ; On                 ; On                 ;
; Perform WYSIWYG Primitive Resynthesis                                      ; Off                ; Off                ;
; Auto ROM Replacement                                                       ; On                 ; On                 ;
; Auto RAM Replacement                                                       ; On                 ; On                 ;
; Auto DSP Block Replacement                                                 ; On                 ; On                 ;
; Auto Shift Register Replacement                                            ; Auto               ; Auto               ;
; Allow Shift Register Merging across Hierarchies                            ; Auto               ; Auto               ;
; Auto Clock Enable Replacement                                              ; On                 ; On                 ;
; Strict RAM Replacement                                                     ; Off                ; Off                ;
; Allow Synchronous Control Signals                                          ; On                 ; On                 ;
; Force Use of Synchronous Clear Signals                                     ; Off                ; Off                ;
; Auto RAM Block Balancing                                                   ; On                 ; On                 ;
; Auto RAM to Logic Cell Conversion                                          ; Off                ; Off                ;
; Auto Resource Sharing                                                      ; Off                ; Off                ;
; Allow Any RAM Size For Recognition                                         ; Off                ; Off                ;
; Allow Any ROM Size For Recognition                                         ; Off                ; Off                ;
; Allow Any Shift Register Size For Recognition                              ; Off                ; Off                ;
; Use LogicLock Constraints during Resource Balancing                        ; On                 ; On                 ;
; Ignore translate_off and synthesis_off directives                          ; Off                ; Off                ;
; Timing-Driven Synthesis                                                    ; On                 ; On                 ;
; Report Parameter Settings                                                  ; On                 ; On                 ;
; Report Source Assignments                                                  ; On                 ; On                 ;
; Report Connectivity Checks                                                 ; On                 ; On                 ;
; Ignore Maximum Fan-Out Assignments                                         ; Off                ; Off                ;
; Synchronization Register Chain Length                                      ; 2                  ; 2                  ;
; PowerPlay Power Optimization                                               ; Normal compilation ; Normal compilation ;
; HDL message level                                                          ; Level2             ; Level2             ;
; Suppress Register Optimization Related Messages                            ; Off                ; Off                ;
; Number of Removed Registers Reported in Synthesis Report                   ; 5000               ; 5000               ;
; Number of Swept Nodes Reported in Synthesis Report                         ; 5000               ; 5000               ;
; Number of Inverted Registers Reported in Synthesis Report                  ; 100                ; 100                ;
; Clock MUX Protection                                                       ; On                 ; On                 ;
; Auto Gated Clock Conversion                                                ; Off                ; Off                ;
; Block Design Naming                                                        ; Auto               ; Auto               ;
; SDC constraint protection                                                  ; Off                ; Off                ;
; Synthesis Effort                                                           ; Auto               ; Auto               ;
; Shift Register Replacement - Allow Asynchronous Clear Signal               ; On                 ; On                 ;
; Pre-Mapping Resynthesis Optimization                                       ; Off                ; Off                ;
; Analysis & Synthesis Message Level                                         ; Medium             ; Medium             ;
; Disable Register Merging Across Hierarchies                                ; Auto               ; Auto               ;
; Resource Aware Inference For Block RAM                                     ; On                 ; On                 ;
; Synthesis Seed                                                             ; 1                  ; 1                  ;
+----------------------------------------------------------------------------+--------------------+--------------------+


Parallel compilation was disabled, but you have multiple processors available. Enable parallel compilation to reduce compilation time.
+-------------------------------------+
; Parallel Compilation                ;
+----------------------------+--------+
; Processors                 ; Number ;
+----------------------------+--------+
; Number detected on machine ; 16     ;
; Maximum allowed            ; 1      ;
+----------------------------+--------+


+----------------------------------------------------------------------------------------------------------------------------------------------+
; Analysis & Synthesis Source Files Read                                                                                                       ;
+----------------------------------+-----------------+------------------------+------------------------------------------------------+---------+
; File Name with User-Entered Path ; Used in Netlist ; File Type              ; File Name with Absolute Path                         ; Library ;
+----------------------------------+-----------------+------------------------+------------------------------------------------------+---------+
; Snake_2.v                        ; yes             ; User Verilog HDL File  ; C:/Users/jenny/Documents/Logic2024/Snake_2/Snake_2.v ;         ;
+----------------------------------+-----------------+------------------------+------------------------------------------------------+---------+


+--------------------------------------------------------+
; Analysis & Synthesis Resource Usage Summary            ;
+---------------------------------------------+----------+
; Resource                                    ; Usage    ;
+---------------------------------------------+----------+
; Estimated Total logic elements              ; 364      ;
;                                             ;          ;
; Total combinational functions               ; 340      ;
; Logic element usage by number of LUT inputs ;          ;
;     -- 4 input functions                    ; 230      ;
;     -- 3 input functions                    ; 47       ;
;     -- <=2 input functions                  ; 63       ;
;                                             ;          ;
; Logic elements by mode                      ;          ;
;     -- normal mode                          ; 292      ;
;     -- arithmetic mode                      ; 48       ;
;                                             ;          ;
; Total registers                             ; 158      ;
;     -- Dedicated logic registers            ; 158      ;
;     -- I/O registers                        ; 0        ;
;                                             ;          ;
; I/O pins                                    ; 43       ;
; Embedded Multiplier 9-bit elements          ; 0        ;
; Maximum fan-out node                        ; game_clk ;
; Maximum fan-out                             ; 104      ;
; Total fan-out                               ; 1667     ;
; Average fan-out                             ; 2.85     ;
+---------------------------------------------+----------+


+-----------------------------------------------------------------------------------------------------------------------------------------------------------------------------+
; Analysis & Synthesis Resource Utilization by Entity                                                                                                                         ;
+----------------------------+-------------------+--------------+-------------+--------------+---------+-----------+------+--------------+---------------------+--------------+
; Compilation Hierarchy Node ; LC Combinationals ; LC Registers ; Memory Bits ; DSP Elements ; DSP 9x9 ; DSP 18x18 ; Pins ; Virtual Pins ; Full Hierarchy Name ; Library Name ;
+----------------------------+-------------------+--------------+-------------+--------------+---------+-----------+------+--------------+---------------------+--------------+
; |Snake_2                   ; 340 (340)         ; 158 (158)    ; 0           ; 0            ; 0       ; 0         ; 43   ; 0            ; |Snake_2            ; work         ;
+----------------------------+-------------------+--------------+-------------+--------------+---------+-----------+------+--------------+---------------------+--------------+
Note: For table entries with two numbers listed, the numbers in parentheses indicate the number of resources of the given type used by the specific entity alone. The numbers listed outside of parentheses indicate the total resources of the given type used by the specific entity and all of its sub-entities in the hierarchy.


Encoding Type:  One-Hot
+--------------------------------+
; State Machine - |Snake_2|state ;
+----------+---------------------+
; Name     ; state.10            ;
+----------+---------------------+
; state.01 ; 0                   ;
; state.10 ; 1                   ;
+----------+---------------------+


+----------------------------------------------------------------------------------------------------+
; User-Specified and Inferred Latches                                                                ;
+-----------------------------------------------------+---------------------+------------------------+
; Latch Name                                          ; Latch Enable Signal ; Free of Timing Hazards ;
+-----------------------------------------------------+---------------------+------------------------+
; LedR[7]$latch                                       ; GND                 ; yes                    ;
; LedR[6]$latch                                       ; GND                 ; yes                    ;
; LedR[5]$latch                                       ; GND                 ; yes                    ;
; LedR[4]$latch                                       ; GND                 ; yes                    ;
; LedR[3]$latch                                       ; GND                 ; yes                    ;
; LedR[2]$latch                                       ; GND                 ; yes                    ;
; LedR[1]$latch                                       ; GND                 ; yes                    ;
; LedR[0]$latch                                       ; GND                 ; yes                    ;
; move_dir.00_232483                                  ; GND                 ; yes                    ;
; move_dir.01_232474                                  ; GND                 ; yes                    ;
; move_dir.10_232465                                  ; GND                 ; yes                    ;
; move_dir.11_232456                                  ; GND                 ; yes                    ;
; Number of user-specified and inferred latches = 12  ;                     ;                        ;
+-----------------------------------------------------+---------------------+------------------------+
Note: All latches listed above may not be present at the end of synthesis due to various synthesis optimizations.


+-------------------------------------------------------------------------+
; Registers Removed During Synthesis                                      ;
+-----------------------------------------+-------------------------------+
; Register name                           ; Reason for Removal            ;
+-----------------------------------------+-------------------------------+
; body_mem_y[3][1]                        ; Merged with body_mem_y[3][0]  ;
; body_mem_x[3][2]                        ; Merged with body_mem_y[3][0]  ;
; body_mem_y[3][2]                        ; Merged with body_mem_y[3][0]  ;
; body_mem_x[3][0]                        ; Merged with body_mem_y[3][0]  ;
; body_mem_x[3][1]                        ; Merged with body_mem_y[3][0]  ;
; body_mem_y[4][2]                        ; Merged with body_mem_y[4][0]  ;
; body_mem_x[4][2]                        ; Merged with body_mem_x[4][0]  ;
; body_mem_y[5][2]                        ; Merged with body_mem_y[5][0]  ;
; body_mem_x[5][2]                        ; Merged with body_mem_x[5][0]  ;
; body_mem_x[6][2]                        ; Merged with body_mem_x[6][0]  ;
; body_mem_x[7][2]                        ; Merged with body_mem_x[7][0]  ;
; body_mem_x[8][2]                        ; Merged with body_mem_x[8][0]  ;
; body_mem_x[9][2]                        ; Merged with body_mem_x[9][0]  ;
; body_mem_x[10][2]                       ; Merged with body_mem_x[10][0] ;
; body_mem_x[11][2]                       ; Merged with body_mem_x[11][0] ;
; body_mem_x[12][2]                       ; Merged with body_mem_x[12][0] ;
; body_mem_x[13][2]                       ; Merged with body_mem_x[13][0] ;
; body_mem_x[14][2]                       ; Merged with body_mem_x[14][0] ;
; body_mem_y[3][0]                        ; Lost fanout                   ;
; body_mem_y[4][0]                        ; Lost fanout                   ;
; body_mem_y[4][1]                        ; Lost fanout                   ;
; body_mem_y[5][0]                        ; Lost fanout                   ;
; body_mem_y[5][1]                        ; Lost fanout                   ;
; body_mem_y[6][0]                        ; Lost fanout                   ;
; body_mem_y[6][1]                        ; Lost fanout                   ;
; body_mem_y[6][2]                        ; Lost fanout                   ;
; body_mem_y[7][0]                        ; Lost fanout                   ;
; body_mem_y[7][1]                        ; Lost fanout                   ;
; body_mem_y[7][2]                        ; Lost fanout                   ;
; body_mem_y[8][0]                        ; Lost fanout                   ;
; body_mem_y[8][1]                        ; Lost fanout                   ;
; body_mem_y[8][2]                        ; Lost fanout                   ;
; body_mem_y[9][0]                        ; Lost fanout                   ;
; body_mem_y[9][1]                        ; Lost fanout                   ;
; body_mem_y[9][2]                        ; Lost fanout                   ;
; body_mem_y[10][0]                       ; Lost fanout                   ;
; body_mem_y[10][1]                       ; Lost fanout                   ;
; body_mem_y[10][2]                       ; Lost fanout                   ;
; body_mem_y[11][0]                       ; Lost fanout                   ;
; body_mem_y[11][1]                       ; Lost fanout                   ;
; body_mem_y[11][2]                       ; Lost fanout                   ;
; body_mem_y[12][0]                       ; Lost fanout                   ;
; body_mem_y[12][1]                       ; Lost fanout                   ;
; body_mem_y[12][2]                       ; Lost fanout                   ;
; body_mem_y[13][0]                       ; Lost fanout                   ;
; body_mem_y[13][1]                       ; Lost fanout                   ;
; body_mem_y[13][2]                       ; Lost fanout                   ;
; body_mem_y[14][0]                       ; Lost fanout                   ;
; body_mem_y[14][1]                       ; Lost fanout                   ;
; body_mem_y[14][2]                       ; Lost fanout                   ;
; body_mem_y[15][0]                       ; Lost fanout                   ;
; body_mem_y[15][1]                       ; Lost fanout                   ;
; body_mem_y[15][2]                       ; Lost fanout                   ;
; body_mem_y[16][0]                       ; Lost fanout                   ;
; body_mem_y[16][1]                       ; Lost fanout                   ;
; body_mem_y[16][2]                       ; Lost fanout                   ;
; body_mem_y[17][0]                       ; Lost fanout                   ;
; body_mem_y[17][1]                       ; Lost fanout                   ;
; body_mem_y[17][2]                       ; Lost fanout                   ;
; body_mem_y[18][0]                       ; Lost fanout                   ;
; body_mem_y[18][1]                       ; Lost fanout                   ;
; body_mem_y[18][2]                       ; Lost fanout                   ;
; body_mem_y[19][0]                       ; Lost fanout                   ;
; body_mem_y[19][1]                       ; Lost fanout                   ;
; body_mem_y[19][2]                       ; Lost fanout                   ;
; body_mem_y[20][0]                       ; Lost fanout                   ;
; body_mem_y[20][1]                       ; Lost fanout                   ;
; body_mem_y[20][2]                       ; Lost fanout                   ;
; body_mem_y[21][0]                       ; Lost fanout                   ;
; body_mem_y[21][1]                       ; Lost fanout                   ;
; body_mem_y[21][2]                       ; Lost fanout                   ;
; body_mem_y[22][0]                       ; Lost fanout                   ;
; body_mem_y[22][1]                       ; Lost fanout                   ;
; body_mem_y[22][2]                       ; Lost fanout                   ;
; body_mem_y[23][0]                       ; Lost fanout                   ;
; body_mem_y[23][1]                       ; Lost fanout                   ;
; body_mem_y[23][2]                       ; Lost fanout                   ;
; body_mem_y[24][0]                       ; Lost fanout                   ;
; body_mem_y[24][1]                       ; Lost fanout                   ;
; body_mem_y[24][2]                       ; Lost fanout                   ;
; body_mem_y[25][0]                       ; Lost fanout                   ;
; body_mem_y[25][1]                       ; Lost fanout                   ;
; body_mem_y[25][2]                       ; Lost fanout                   ;
; body_mem_y[26][0]                       ; Lost fanout                   ;
; body_mem_y[26][1]                       ; Lost fanout                   ;
; body_mem_y[26][2]                       ; Lost fanout                   ;
; body_mem_y[27][0]                       ; Lost fanout                   ;
; body_mem_y[27][1]                       ; Lost fanout                   ;
; body_mem_y[27][2]                       ; Lost fanout                   ;
; body_mem_y[28][0]                       ; Lost fanout                   ;
; body_mem_y[28][1]                       ; Lost fanout                   ;
; body_mem_y[28][2]                       ; Lost fanout                   ;
; body_mem_y[29][0]                       ; Lost fanout                   ;
; body_mem_y[29][1]                       ; Lost fanout                   ;
; body_mem_y[29][2]                       ; Lost fanout                   ;
; body_mem_y[30][0]                       ; Lost fanout                   ;
; body_mem_y[30][1]                       ; Lost fanout                   ;
; body_mem_y[30][2]                       ; Lost fanout                   ;
; body_mem_y[31][0]                       ; Lost fanout                   ;
; body_mem_y[31][1]                       ; Lost fanout                   ;
; body_mem_y[31][2]                       ; Lost fanout                   ;
; body_mem_y[32][0]                       ; Lost fanout                   ;
; body_mem_y[32][1]                       ; Lost fanout                   ;
; body_mem_y[32][2]                       ; Lost fanout                   ;
; body_mem_y[33][0]                       ; Lost fanout                   ;
; body_mem_y[33][1]                       ; Lost fanout                   ;
; body_mem_y[33][2]                       ; Lost fanout                   ;
; body_mem_y[34][0]                       ; Lost fanout                   ;
; body_mem_y[34][1]                       ; Lost fanout                   ;
; body_mem_y[34][2]                       ; Lost fanout                   ;
; body_mem_y[35][0]                       ; Lost fanout                   ;
; body_mem_y[35][1]                       ; Lost fanout                   ;
; body_mem_y[35][2]                       ; Lost fanout                   ;
; body_mem_y[36][0]                       ; Lost fanout                   ;
; body_mem_y[36][1]                       ; Lost fanout                   ;
; body_mem_y[36][2]                       ; Lost fanout                   ;
; body_mem_y[37][0]                       ; Lost fanout                   ;
; body_mem_y[37][1]                       ; Lost fanout                   ;
; body_mem_y[37][2]                       ; Lost fanout                   ;
; body_mem_y[38][0]                       ; Lost fanout                   ;
; body_mem_y[38][1]                       ; Lost fanout                   ;
; body_mem_y[38][2]                       ; Lost fanout                   ;
; body_mem_y[39][0]                       ; Lost fanout                   ;
; body_mem_y[39][1]                       ; Lost fanout                   ;
; body_mem_y[39][2]                       ; Lost fanout                   ;
; body_mem_y[40][0]                       ; Lost fanout                   ;
; body_mem_y[40][1]                       ; Lost fanout                   ;
; body_mem_y[40][2]                       ; Lost fanout                   ;
; body_mem_y[41][0]                       ; Lost fanout                   ;
; body_mem_y[41][1]                       ; Lost fanout                   ;
; body_mem_y[41][2]                       ; Lost fanout                   ;
; body_mem_y[42][0]                       ; Lost fanout                   ;
; body_mem_y[42][1]                       ; Lost fanout                   ;
; body_mem_y[42][2]                       ; Lost fanout                   ;
; body_mem_y[43][0]                       ; Lost fanout                   ;
; body_mem_y[43][1]                       ; Lost fanout                   ;
; body_mem_y[43][2]                       ; Lost fanout                   ;
; body_mem_y[44][0]                       ; Lost fanout                   ;
; body_mem_y[44][1]                       ; Lost fanout                   ;
; body_mem_y[44][2]                       ; Lost fanout                   ;
; body_mem_y[45][0]                       ; Lost fanout                   ;
; body_mem_y[45][1]                       ; Lost fanout                   ;
; body_mem_y[45][2]                       ; Lost fanout                   ;
; body_mem_y[46][0]                       ; Lost fanout                   ;
; body_mem_y[46][1]                       ; Lost fanout                   ;
; body_mem_y[46][2]                       ; Lost fanout                   ;
; body_mem_y[47][0]                       ; Lost fanout                   ;
; body_mem_y[47][1]                       ; Lost fanout                   ;
; body_mem_y[47][2]                       ; Lost fanout                   ;
; body_mem_y[48][0]                       ; Lost fanout                   ;
; body_mem_y[48][1]                       ; Lost fanout                   ;
; body_mem_y[48][2]                       ; Lost fanout                   ;
; body_mem_y[49][0]                       ; Lost fanout                   ;
; body_mem_y[49][1]                       ; Lost fanout                   ;
; body_mem_y[49][2]                       ; Lost fanout                   ;
; body_mem_y[50][0]                       ; Lost fanout                   ;
; body_mem_y[50][1]                       ; Lost fanout                   ;
; body_mem_y[50][2]                       ; Lost fanout                   ;
; body_mem_y[51][0]                       ; Lost fanout                   ;
; body_mem_y[51][1]                       ; Lost fanout                   ;
; body_mem_y[51][2]                       ; Lost fanout                   ;
; body_mem_y[52][0]                       ; Lost fanout                   ;
; body_mem_y[52][1]                       ; Lost fanout                   ;
; body_mem_y[52][2]                       ; Lost fanout                   ;
; body_mem_y[53][0]                       ; Lost fanout                   ;
; body_mem_y[53][1]                       ; Lost fanout                   ;
; body_mem_y[53][2]                       ; Lost fanout                   ;
; body_mem_y[54][0]                       ; Lost fanout                   ;
; body_mem_y[54][1]                       ; Lost fanout                   ;
; body_mem_y[54][2]                       ; Lost fanout                   ;
; body_mem_y[55][0]                       ; Lost fanout                   ;
; body_mem_y[55][1]                       ; Lost fanout                   ;
; body_mem_y[55][2]                       ; Lost fanout                   ;
; body_mem_y[56][0]                       ; Lost fanout                   ;
; body_mem_y[56][1]                       ; Lost fanout                   ;
; body_mem_y[56][2]                       ; Lost fanout                   ;
; body_mem_y[57][0]                       ; Lost fanout                   ;
; body_mem_y[57][1]                       ; Lost fanout                   ;
; body_mem_y[57][2]                       ; Lost fanout                   ;
; body_mem_y[58][0]                       ; Lost fanout                   ;
; body_mem_y[58][1]                       ; Lost fanout                   ;
; body_mem_y[58][2]                       ; Lost fanout                   ;
; body_mem_y[59][0]                       ; Lost fanout                   ;
; body_mem_y[59][1]                       ; Lost fanout                   ;
; body_mem_y[59][2]                       ; Lost fanout                   ;
; body_mem_y[60][0]                       ; Lost fanout                   ;
; body_mem_y[60][1]                       ; Lost fanout                   ;
; body_mem_y[60][2]                       ; Lost fanout                   ;
; body_mem_y[61][0]                       ; Lost fanout                   ;
; body_mem_y[61][1]                       ; Lost fanout                   ;
; body_mem_y[61][2]                       ; Lost fanout                   ;
; body_mem_y[62][0]                       ; Lost fanout                   ;
; body_mem_y[62][1]                       ; Lost fanout                   ;
; body_mem_y[62][2]                       ; Lost fanout                   ;
; body_mem_y[63][0]                       ; Lost fanout                   ;
; body_mem_y[63][1]                       ; Lost fanout                   ;
; body_mem_y[63][2]                       ; Lost fanout                   ;
; body_mem_x[4][0]                        ; Lost fanout                   ;
; body_mem_x[4][1]                        ; Lost fanout                   ;
; body_mem_x[5][0]                        ; Lost fanout                   ;
; body_mem_x[5][1]                        ; Lost fanout                   ;
; body_mem_x[6][0]                        ; Lost fanout                   ;
; body_mem_x[6][1]                        ; Lost fanout                   ;
; body_mem_x[7][0]                        ; Lost fanout                   ;
; body_mem_x[7][1]                        ; Lost fanout                   ;
; body_mem_x[8][0]                        ; Lost fanout                   ;
; body_mem_x[8][1]                        ; Lost fanout                   ;
; body_mem_x[9][0]                        ; Lost fanout                   ;
; body_mem_x[9][1]                        ; Lost fanout                   ;
; body_mem_x[10][0]                       ; Lost fanout                   ;
; body_mem_x[10][1]                       ; Lost fanout                   ;
; body_mem_x[11][0]                       ; Lost fanout                   ;
; body_mem_x[11][1]                       ; Lost fanout                   ;
; body_mem_x[12][0]                       ; Lost fanout                   ;
; body_mem_x[12][1]                       ; Lost fanout                   ;
; body_mem_x[13][0]                       ; Lost fanout                   ;
; body_mem_x[13][1]                       ; Lost fanout                   ;
; body_mem_x[14][0]                       ; Lost fanout                   ;
; body_mem_x[14][1]                       ; Lost fanout                   ;
; body_mem_x[15][0]                       ; Lost fanout                   ;
; body_mem_x[15][1]                       ; Lost fanout                   ;
; body_mem_x[15][2]                       ; Lost fanout                   ;
; body_mem_x[16][0]                       ; Lost fanout                   ;
; body_mem_x[16][1]                       ; Lost fanout                   ;
; body_mem_x[16][2]                       ; Lost fanout                   ;
; body_mem_x[17][0]                       ; Lost fanout                   ;
; body_mem_x[17][1]                       ; Lost fanout                   ;
; body_mem_x[17][2]                       ; Lost fanout                   ;
; body_mem_x[18][0]                       ; Lost fanout                   ;
; body_mem_x[18][1]                       ; Lost fanout                   ;
; body_mem_x[18][2]                       ; Lost fanout                   ;
; body_mem_x[19][0]                       ; Lost fanout                   ;
; body_mem_x[19][1]                       ; Lost fanout                   ;
; body_mem_x[19][2]                       ; Lost fanout                   ;
; body_mem_x[20][0]                       ; Lost fanout                   ;
; body_mem_x[20][1]                       ; Lost fanout                   ;
; body_mem_x[20][2]                       ; Lost fanout                   ;
; body_mem_x[21][0]                       ; Lost fanout                   ;
; body_mem_x[21][1]                       ; Lost fanout                   ;
; body_mem_x[21][2]                       ; Lost fanout                   ;
; body_mem_x[22][0]                       ; Lost fanout                   ;
; body_mem_x[22][1]                       ; Lost fanout                   ;
; body_mem_x[22][2]                       ; Lost fanout                   ;
; body_mem_x[23][0]                       ; Lost fanout                   ;
; body_mem_x[23][1]                       ; Lost fanout                   ;
; body_mem_x[23][2]                       ; Lost fanout                   ;
; body_mem_x[24][0]                       ; Lost fanout                   ;
; body_mem_x[24][1]                       ; Lost fanout                   ;
; body_mem_x[24][2]                       ; Lost fanout                   ;
; body_mem_x[25][0]                       ; Lost fanout                   ;
; body_mem_x[25][1]                       ; Lost fanout                   ;
; body_mem_x[25][2]                       ; Lost fanout                   ;
; body_mem_x[26][0]                       ; Lost fanout                   ;
; body_mem_x[26][1]                       ; Lost fanout                   ;
; body_mem_x[26][2]                       ; Lost fanout                   ;
; body_mem_x[27][0]                       ; Lost fanout                   ;
; body_mem_x[27][1]                       ; Lost fanout                   ;
; body_mem_x[27][2]                       ; Lost fanout                   ;
; body_mem_x[28][0]                       ; Lost fanout                   ;
; body_mem_x[28][1]                       ; Lost fanout                   ;
; body_mem_x[28][2]                       ; Lost fanout                   ;
; body_mem_x[29][0]                       ; Lost fanout                   ;
; body_mem_x[29][1]                       ; Lost fanout                   ;
; body_mem_x[29][2]                       ; Lost fanout                   ;
; body_mem_x[30][0]                       ; Lost fanout                   ;
; body_mem_x[30][1]                       ; Lost fanout                   ;
; body_mem_x[30][2]                       ; Lost fanout                   ;
; body_mem_x[31][0]                       ; Lost fanout                   ;
; body_mem_x[31][1]                       ; Lost fanout                   ;
; body_mem_x[31][2]                       ; Lost fanout                   ;
; body_mem_x[32][0]                       ; Lost fanout                   ;
; body_mem_x[32][1]                       ; Lost fanout                   ;
; body_mem_x[32][2]                       ; Lost fanout                   ;
; body_mem_x[33][0]                       ; Lost fanout                   ;
; body_mem_x[33][1]                       ; Lost fanout                   ;
; body_mem_x[33][2]                       ; Lost fanout                   ;
; body_mem_x[34][0]                       ; Lost fanout                   ;
; body_mem_x[34][1]                       ; Lost fanout                   ;
; body_mem_x[34][2]                       ; Lost fanout                   ;
; body_mem_x[35][0]                       ; Lost fanout                   ;
; body_mem_x[35][1]                       ; Lost fanout                   ;
; body_mem_x[35][2]                       ; Lost fanout                   ;
; body_mem_x[36][0]                       ; Lost fanout                   ;
; body_mem_x[36][1]                       ; Lost fanout                   ;
; body_mem_x[36][2]                       ; Lost fanout                   ;
; body_mem_x[37][0]                       ; Lost fanout                   ;
; body_mem_x[37][1]                       ; Lost fanout                   ;
; body_mem_x[37][2]                       ; Lost fanout                   ;
; body_mem_x[38][0]                       ; Lost fanout                   ;
; body_mem_x[38][1]                       ; Lost fanout                   ;
; body_mem_x[38][2]                       ; Lost fanout                   ;
; body_mem_x[39][0]                       ; Lost fanout                   ;
; body_mem_x[39][1]                       ; Lost fanout                   ;
; body_mem_x[39][2]                       ; Lost fanout                   ;
; body_mem_x[40][0]                       ; Lost fanout                   ;
; body_mem_x[40][1]                       ; Lost fanout                   ;
; body_mem_x[40][2]                       ; Lost fanout                   ;
; body_mem_x[41][0]                       ; Lost fanout                   ;
; body_mem_x[41][1]                       ; Lost fanout                   ;
; body_mem_x[41][2]                       ; Lost fanout                   ;
; body_mem_x[42][0]                       ; Lost fanout                   ;
; body_mem_x[42][1]                       ; Lost fanout                   ;
; body_mem_x[42][2]                       ; Lost fanout                   ;
; body_mem_x[43][0]                       ; Lost fanout                   ;
; body_mem_x[43][1]                       ; Lost fanout                   ;
; body_mem_x[43][2]                       ; Lost fanout                   ;
; body_mem_x[44][0]                       ; Lost fanout                   ;
; body_mem_x[44][1]                       ; Lost fanout                   ;
; body_mem_x[44][2]                       ; Lost fanout                   ;
; body_mem_x[45][0]                       ; Lost fanout                   ;
; body_mem_x[45][1]                       ; Lost fanout                   ;
; body_mem_x[45][2]                       ; Lost fanout                   ;
; body_mem_x[46][0]                       ; Lost fanout                   ;
; body_mem_x[46][1]                       ; Lost fanout                   ;
; body_mem_x[46][2]                       ; Lost fanout                   ;
; body_mem_x[47][0]                       ; Lost fanout                   ;
; body_mem_x[47][1]                       ; Lost fanout                   ;
; body_mem_x[47][2]                       ; Lost fanout                   ;
; body_mem_x[48][0]                       ; Lost fanout                   ;
; body_mem_x[48][1]                       ; Lost fanout                   ;
; body_mem_x[48][2]                       ; Lost fanout                   ;
; body_mem_x[49][0]                       ; Lost fanout                   ;
; body_mem_x[49][1]                       ; Lost fanout                   ;
; body_mem_x[49][2]                       ; Lost fanout                   ;
; body_mem_x[50][0]                       ; Lost fanout                   ;
; body_mem_x[50][1]                       ; Lost fanout                   ;
; body_mem_x[50][2]                       ; Lost fanout                   ;
; body_mem_x[51][0]                       ; Lost fanout                   ;
; body_mem_x[51][1]                       ; Lost fanout                   ;
; body_mem_x[51][2]                       ; Lost fanout                   ;
; body_mem_x[52][0]                       ; Lost fanout                   ;
; body_mem_x[52][1]                       ; Lost fanout                   ;
; body_mem_x[52][2]                       ; Lost fanout                   ;
; body_mem_x[53][0]                       ; Lost fanout                   ;
; body_mem_x[53][1]                       ; Lost fanout                   ;
; body_mem_x[53][2]                       ; Lost fanout                   ;
; body_mem_x[54][0]                       ; Lost fanout                   ;
; body_mem_x[54][1]                       ; Lost fanout                   ;
; body_mem_x[54][2]                       ; Lost fanout                   ;
; body_mem_x[55][0]                       ; Lost fanout                   ;
; body_mem_x[55][1]                       ; Lost fanout                   ;
; body_mem_x[55][2]                       ; Lost fanout                   ;
; body_mem_x[56][0]                       ; Lost fanout                   ;
; body_mem_x[56][1]                       ; Lost fanout                   ;
; body_mem_x[56][2]                       ; Lost fanout                   ;
; body_mem_x[57][0]                       ; Lost fanout                   ;
; body_mem_x[57][1]                       ; Lost fanout                   ;
; body_mem_x[57][2]                       ; Lost fanout                   ;
; body_mem_x[58][0]                       ; Lost fanout                   ;
; body_mem_x[58][1]                       ; Lost fanout                   ;
; body_mem_x[58][2]                       ; Lost fanout                   ;
; body_mem_x[59][0]                       ; Lost fanout                   ;
; body_mem_x[59][1]                       ; Lost fanout                   ;
; body_mem_x[59][2]                       ; Lost fanout                   ;
; body_mem_x[60][0]                       ; Lost fanout                   ;
; body_mem_x[60][1]                       ; Lost fanout                   ;
; body_mem_x[60][2]                       ; Lost fanout                   ;
; body_mem_x[61][0]                       ; Lost fanout                   ;
; body_mem_x[61][1]                       ; Lost fanout                   ;
; body_mem_x[61][2]                       ; Lost fanout                   ;
; body_mem_x[62][0]                       ; Lost fanout                   ;
; body_mem_x[62][1]                       ; Lost fanout                   ;
; body_mem_x[62][2]                       ; Lost fanout                   ;
; body_mem_x[63][0]                       ; Lost fanout                   ;
; body_mem_x[63][1]                       ; Lost fanout                   ;
; body_mem_x[63][2]                       ; Lost fanout                   ;
; state~4                                 ; Lost fanout                   ;
; Total Number of Removed Registers = 367 ;                               ;
+-----------------------------------------+-------------------------------+


+------------------------------------------------------+
; General Register Statistics                          ;
+----------------------------------------------+-------+
; Statistic                                    ; Value ;
+----------------------------------------------+-------+
; Total registers                              ; 158   ;
; Number of registers using Synchronous Clear  ; 50    ;
; Number of registers using Synchronous Load   ; 0     ;
; Number of registers using Asynchronous Clear ; 0     ;
; Number of registers using Asynchronous Load  ; 0     ;
; Number of registers using Clock Enable       ; 44    ;
; Number of registers using Preset             ; 0     ;
+----------------------------------------------+-------+


+--------------------------------------------------+
; Inverted Register Statistics                     ;
+----------------------------------------+---------+
; Inverted Register                      ; Fan out ;
+----------------------------------------+---------+
; item_y[1]                              ; 9       ;
; item_y[2]                              ; 9       ;
; item_x[1]                              ; 2       ;
; item_x[2]                              ; 2       ;
; X[1]                                   ; 14      ;
; Y[1]                                   ; 70      ;
; Total number of inverted registers = 6 ;         ;
+----------------------------------------+---------+


+------------------------------------------------------------------------------------------------------------------------------------------+
; Multiplexer Restructuring Statistics (Restructuring Performed)                                                                           ;
+--------------------+-----------+---------------+----------------------+------------------------+------------+----------------------------+
; Multiplexer Inputs ; Bus Width ; Baseline Area ; Area if Restructured ; Saving if Restructured ; Registered ; Example Multiplexer Output ;
+--------------------+-----------+---------------+----------------------+------------------------+------------+----------------------------+
; 3:1                ; 2 bits    ; 4 LEs         ; 0 LEs                ; 4 LEs                  ; Yes        ; |Snake_2|Y[2]              ;
; 3:1                ; 2 bits    ; 4 LEs         ; 0 LEs                ; 4 LEs                  ; Yes        ; |Snake_2|X[2]              ;
; 3:1                ; 2 bits    ; 4 LEs         ; 2 LEs                ; 2 LEs                  ; No         ; |Snake_2|move_dir.11       ;
; 3:1                ; 3 bits    ; 6 LEs         ; 3 LEs                ; 3 LEs                  ; No         ; |Snake_2|LedG              ;
; 3:1                ; 3 bits    ; 6 LEs         ; 6 LEs                ; 0 LEs                  ; No         ; |Snake_2|LedG              ;
; 3:1                ; 8 bits    ; 16 LEs        ; 8 LEs                ; 8 LEs                  ; No         ; |Snake_2|LedB              ;
; 8:1                ; 8 bits    ; 40 LEs        ; 40 LEs               ; 0 LEs                  ; No         ; |Snake_2|Mux7              ;
; 3:1                ; 2 bits    ; 4 LEs         ; 2 LEs                ; 2 LEs                  ; No         ; |Snake_2|state             ;
; 10:1               ; 2 bits    ; 12 LEs        ; 10 LEs               ; 2 LEs                  ; No         ; |Snake_2|LedG              ;
+--------------------+-----------+---------------+----------------------+------------------------+------------+----------------------------+


+-------------------------------+
; Elapsed Time Per Partition    ;
+----------------+--------------+
; Partition Name ; Elapsed Time ;
+----------------+--------------+
; Top            ; 00:00:03     ;
+----------------+--------------+


+-------------------------------+
; Analysis & Synthesis Messages ;
+-------------------------------+
Info: *******************************************************************
Info: Running Quartus II 64-Bit Analysis & Synthesis
    Info: Version 13.1.0 Build 162 10/23/2013 SJ Web Edition
    Info: Processing started: Tue Dec 24 17:18:43 2024
Info: Command: quartus_map --read_settings_files=on --write_settings_files=off Snake_2 -c Snake_2
Warning (20028): Parallel compilation is not licensed and has been disabled
Info (12021): Found 1 design units, including 1 entities, in source file snake_2.v
    Info (12023): Found entity 1: Snake_2
Info (12127): Elaborating entity "Snake_2" for the top level hierarchy
Warning (10036): Verilog HDL or VHDL warning at Snake_2.v(23): object "pass" assigned a value but never read
Warning (10036): Verilog HDL or VHDL warning at Snake_2.v(24): object "pass_pic" assigned a value but never read
Warning (10855): Verilog HDL warning at Snake_2.v(38): initial value for variable map should be constant
Warning (10855): Verilog HDL warning at Snake_2.v(38): initial value for variable body_mem_x should be constant
Warning (10855): Verilog HDL warning at Snake_2.v(38): initial value for variable body_mem_y should be constant
Warning (10230): Verilog HDL assignment warning at Snake_2.v(97): truncated value with size 32 to match size of target (25)
Warning (10230): Verilog HDL assignment warning at Snake_2.v(105): truncated value with size 32 to match size of target (25)
Warning (10235): Verilog HDL Always Construct warning at Snake_2.v(121): variable "state" is read inside the Always Construct but isn't in the Always Construct's Event Control
Warning (10235): Verilog HDL Always Construct warning at Snake_2.v(126): variable "point" is read inside the Always Construct but isn't in the Always Construct's Event Control
Warning (10235): Verilog HDL Always Construct warning at Snake_2.v(134): variable "state" is read inside the Always Construct but isn't in the Always Construct's Event Control
Warning (10235): Verilog HDL Always Construct warning at Snake_2.v(134): variable "item_x" is read inside the Always Construct but isn't in the Always Construct's Event Control
Warning (10235): Verilog HDL Always Construct warning at Snake_2.v(135): variable "item_y" is read inside the Always Construct but isn't in the Always Construct's Event Control
Warning (10240): Verilog HDL Always Construct warning at Snake_2.v(120): inferring latch(es) for variable "LedR", which holds its previous value in one or more paths through the always construct
Warning (10235): Verilog HDL Always Construct warning at Snake_2.v(142): variable "move_dir" is read inside the Always Construct but isn't in the Always Construct's Event Control
Warning (10235): Verilog HDL Always Construct warning at Snake_2.v(144): variable "move_dir" is read inside the Always Construct but isn't in the Always Construct's Event Control
Warning (10235): Verilog HDL Always Construct warning at Snake_2.v(146): variable "move_dir" is read inside the Always Construct but isn't in the Always Construct's Event Control
Warning (10235): Verilog HDL Always Construct warning at Snake_2.v(148): variable "move_dir" is read inside the Always Construct but isn't in the Always Construct's Event Control
Warning (10240): Verilog HDL Always Construct warning at Snake_2.v(141): inferring latch(es) for variable "move_dir", which holds its previous value in one or more paths through the always construct
Warning (10230): Verilog HDL assignment warning at Snake_2.v(154): truncated value with size 32 to match size of target (3)
Warning (10230): Verilog HDL assignment warning at Snake_2.v(155): truncated value with size 32 to match size of target (3)
Warning (10230): Verilog HDL assignment warning at Snake_2.v(156): truncated value with size 32 to match size of target (3)
Warning (10230): Verilog HDL assignment warning at Snake_2.v(157): truncated value with size 32 to match size of target (3)
Warning (10230): Verilog HDL assignment warning at Snake_2.v(171): truncated value with size 32 to match size of target (8)
Warning (10230): Verilog HDL assignment warning at Snake_2.v(175): truncated value with size 32 to match size of target (3)
Warning (10230): Verilog HDL assignment warning at Snake_2.v(179): truncated value with size 32 to match size of target (3)
Warning (10230): Verilog HDL assignment warning at Snake_2.v(185): truncated value with size 32 to match size of target (7)
Warning (10030): Net "game_over_pattern.data_a" at Snake_2.v(37) has no driver or initial value, using a default initial value '0'
Warning (10030): Net "game_over_pattern.waddr_a" at Snake_2.v(37) has no driver or initial value, using a default initial value '0'
Warning (10030): Net "game_over_pattern.we_a" at Snake_2.v(37) has no driver or initial value, using a default initial value '0'
Info (10041): Inferred latch for "move_dir.11" at Snake_2.v(144)
Info (10041): Inferred latch for "move_dir.10" at Snake_2.v(144)
Info (10041): Inferred latch for "move_dir.01" at Snake_2.v(144)
Info (10041): Inferred latch for "move_dir.00" at Snake_2.v(144)
Info (10041): Inferred latch for "LedR[7]" at Snake_2.v(137)
Info (10041): Inferred latch for "LedR[6]" at Snake_2.v(137)
Info (10041): Inferred latch for "LedR[5]" at Snake_2.v(137)
Info (10041): Inferred latch for "LedR[4]" at Snake_2.v(137)
Info (10041): Inferred latch for "LedR[3]" at Snake_2.v(137)
Info (10041): Inferred latch for "LedR[2]" at Snake_2.v(137)
Info (10041): Inferred latch for "LedR[1]" at Snake_2.v(137)
Info (10041): Inferred latch for "LedR[0]" at Snake_2.v(137)
Info (276014): Found 1 instances of uninferred RAM logic
    Info (276004): RAM logic "game_over_pattern" is uninferred due to inappropriate RAM size
Warning (13024): Output pins are stuck at VCC or GND
    Warning (13410): Pin "enable" is stuck at VCC
Info (286030): Timing-Driven Synthesis is running
Info (17049): 349 registers lost all their fanouts during netlist optimizations.
Info (144001): Generated suppressed messages file C:/Users/jenny/Documents/Logic2024/Snake_2/output_files/Snake_2.map.smsg
Info (16010): Generating hard_block partition "hard_block:auto_generated_inst"
    Info (16011): Adding 0 node(s), including 0 DDIO, 0 PLL, 0 transceiver and 0 LCELL
Warning (21074): Design contains 1 input pin(s) that do not drive logic
    Warning (15610): No output dependent on input pin "RST"
Info (21057): Implemented 407 device resources after synthesis - the final resource count might be different
    Info (21058): Implemented 7 input pins
    Info (21059): Implemented 36 output pins
    Info (21061): Implemented 364 logic cells
Info: Quartus II 64-Bit Analysis & Synthesis was successful. 0 errors, 34 warnings
    Info: Peak virtual memory: 4877 megabytes
    Info: Processing ended: Tue Dec 24 17:18:49 2024
    Info: Elapsed time: 00:00:06
    Info: Total CPU time (on all processors): 00:00:06


+------------------------------------------+
; Analysis & Synthesis Suppressed Messages ;
+------------------------------------------+
The suppressed messages can be found in C:/Users/jenny/Documents/Logic2024/Snake_2/output_files/Snake_2.map.smsg.


